{"/home/brunofay/Documents/Projetos pessoais/Front-end/nlw feedback widget/server - nlw  feedback widget/src/service/index.ts": {"path":"/home/brunofay/Documents/Projetos pessoais/Front-end/nlw feedback widget/server - nlw  feedback widget/src/service/index.ts","all":false,"statementMap":{"0":{"start":{"line":1,"column":0},"end":{"line":1,"column":102}},"1":{"start":{"line":2,"column":0},"end":{"line":2,"column":35}},"2":{"start":{"line":3,"column":0},"end":{"line":3,"column":0}},"3":{"start":{"line":4,"column":0},"end":{"line":4,"column":82}},"4":{"start":{"line":5,"column":0},"end":{"line":5,"column":50}},"5":{"start":{"line":6,"column":0},"end":{"line":6,"column":29}},"6":{"start":{"line":7,"column":0},"end":{"line":7,"column":15}},"7":{"start":{"line":8,"column":0},"end":{"line":8,"column":11}},"8":{"start":{"line":9,"column":0},"end":{"line":9,"column":29}},"9":{"start":{"line":10,"column":0},"end":{"line":10,"column":28}},"10":{"start":{"line":11,"column":0},"end":{"line":11,"column":5}},"11":{"start":{"line":12,"column":0},"end":{"line":12,"column":5}},"12":{"start":{"line":13,"column":0},"end":{"line":13,"column":51}},"13":{"start":{"line":14,"column":0},"end":{"line":14,"column":73}},"14":{"start":{"line":15,"column":0},"end":{"line":15,"column":51}},"15":{"start":{"line":16,"column":0},"end":{"line":16,"column":57}},"16":{"start":{"line":17,"column":0},"end":{"line":17,"column":69}},"17":{"start":{"line":18,"column":0},"end":{"line":18,"column":51}},"18":{"start":{"line":19,"column":0},"end":{"line":19,"column":5}},"19":{"start":{"line":20,"column":0},"end":{"line":20,"column":3}},"20":{"start":{"line":21,"column":0},"end":{"line":21,"column":43}},"21":{"start":{"line":22,"column":0},"end":{"line":22,"column":35}},"22":{"start":{"line":23,"column":0},"end":{"line":23,"column":48}},"23":{"start":{"line":24,"column":0},"end":{"line":24,"column":3}},"24":{"start":{"line":25,"column":0},"end":{"line":25,"column":55}},"25":{"start":{"line":26,"column":0},"end":{"line":26,"column":48}},"26":{"start":{"line":27,"column":0},"end":{"line":27,"column":0}},"27":{"start":{"line":28,"column":0},"end":{"line":28,"column":35}},"28":{"start":{"line":29,"column":0},"end":{"line":29,"column":46}},"29":{"start":{"line":30,"column":0},"end":{"line":30,"column":52}},"30":{"start":{"line":31,"column":0},"end":{"line":31,"column":31}},"31":{"start":{"line":32,"column":0},"end":{"line":32,"column":13}},"32":{"start":{"line":33,"column":0},"end":{"line":33,"column":77}},"33":{"start":{"line":34,"column":0},"end":{"line":34,"column":43}},"34":{"start":{"line":35,"column":0},"end":{"line":35,"column":40}},"35":{"start":{"line":36,"column":0},"end":{"line":36,"column":16}},"36":{"start":{"line":37,"column":0},"end":{"line":37,"column":18}},"37":{"start":{"line":38,"column":0},"end":{"line":38,"column":6}},"38":{"start":{"line":39,"column":0},"end":{"line":39,"column":3}},"39":{"start":{"line":40,"column":0},"end":{"line":40,"column":1}}},"s":{"0":1,"1":1,"2":1,"3":1,"4":1,"5":1,"6":1,"7":1,"8":1,"9":1,"10":1,"11":1,"12":1,"13":1,"14":8,"15":8,"16":8,"17":1,"18":1,"19":8,"20":1,"21":5,"22":5,"23":5,"24":1,"25":3,"26":3,"27":3,"28":3,"29":3,"30":3,"31":3,"32":3,"33":3,"34":3,"35":3,"36":3,"37":3,"38":1,"39":1},"branchMap":{"0":{"type":"branch","line":14,"loc":{"start":{"line":14,"column":3},"end":{"line":20,"column":3}},"locations":[{"start":{"line":14,"column":3},"end":{"line":20,"column":3}}]},"1":{"type":"branch","line":15,"loc":{"start":{"line":15,"column":15},"end":{"line":15,"column":51}},"locations":[{"start":{"line":15,"column":15},"end":{"line":15,"column":51}}]},"2":{"type":"branch","line":16,"loc":{"start":{"line":16,"column":-1},"end":{"line":16,"column":18}},"locations":[{"start":{"line":16,"column":-1},"end":{"line":16,"column":18}}]},"3":{"type":"branch","line":16,"loc":{"start":{"line":16,"column":18},"end":{"line":16,"column":57}},"locations":[{"start":{"line":16,"column":18},"end":{"line":16,"column":57}}]},"4":{"type":"branch","line":17,"loc":{"start":{"line":17,"column":-1},"end":{"line":17,"column":22}},"locations":[{"start":{"line":17,"column":-1},"end":{"line":17,"column":22}}]},"5":{"type":"branch","line":17,"loc":{"start":{"line":17,"column":18},"end":{"line":17,"column":66}},"locations":[{"start":{"line":17,"column":18},"end":{"line":17,"column":66}}]},"6":{"type":"branch","line":17,"loc":{"start":{"line":17,"column":68},"end":{"line":19,"column":5}},"locations":[{"start":{"line":17,"column":68},"end":{"line":19,"column":5}}]},"7":{"type":"branch","line":21,"loc":{"start":{"line":21,"column":2},"end":{"line":24,"column":3}},"locations":[{"start":{"line":21,"column":2},"end":{"line":24,"column":3}}]},"8":{"type":"branch","line":25,"loc":{"start":{"line":25,"column":2},"end":{"line":39,"column":3}},"locations":[{"start":{"line":25,"column":2},"end":{"line":39,"column":3}}]},"9":{"type":"branch","line":39,"loc":{"start":{"line":39,"column":-1},"end":{"line":39,"column":3}},"locations":[{"start":{"line":39,"column":-1},"end":{"line":39,"column":3}}]},"10":{"type":"branch","line":13,"loc":{"start":{"line":13,"column":2},"end":{"line":13,"column":51}},"locations":[{"start":{"line":13,"column":2},"end":{"line":13,"column":51}}]}},"b":{"0":[8],"1":[2],"2":[6],"3":[2],"4":[4],"5":[1],"6":[1],"7":[5],"8":[3],"9":[1],"10":[8]},"fnMap":{"0":{"name":"validateFeedbackData","decl":{"start":{"line":14,"column":3},"end":{"line":20,"column":3}},"loc":{"start":{"line":14,"column":3},"end":{"line":20,"column":3}},"line":14},"1":{"name":"createFeedback","decl":{"start":{"line":21,"column":2},"end":{"line":24,"column":3}},"loc":{"start":{"line":21,"column":2},"end":{"line":24,"column":3}},"line":21},"2":{"name":"sendEmail","decl":{"start":{"line":25,"column":2},"end":{"line":39,"column":3}},"loc":{"start":{"line":25,"column":2},"end":{"line":39,"column":3}},"line":25},"3":{"name":"FeedbackService","decl":{"start":{"line":13,"column":2},"end":{"line":13,"column":51}},"loc":{"start":{"line":13,"column":2},"end":{"line":13,"column":51}},"line":13}},"f":{"0":8,"1":5,"2":3,"3":8}}
}
