TN:
SF:src/service/index.ts
FN:14,validateFeedbackData
FN:21,createFeedback
FN:25,sendEmail
FN:13,FeedbackService
FNF:4
FNH:4
FNDA:8,validateFeedbackData
FNDA:5,createFeedback
FNDA:3,sendEmail
FNDA:8,FeedbackService
DA:1,1
DA:2,1
DA:3,1
DA:4,1
DA:5,1
DA:6,1
DA:7,1
DA:8,1
DA:9,1
DA:10,1
DA:11,1
DA:12,1
DA:13,1
DA:14,1
DA:15,8
DA:16,8
DA:17,8
DA:18,1
DA:19,1
DA:20,8
DA:21,1
DA:22,5
DA:23,5
DA:24,5
DA:25,1
DA:26,3
DA:27,3
DA:28,3
DA:29,3
DA:30,3
DA:31,3
DA:32,3
DA:33,3
DA:34,3
DA:35,3
DA:36,3
DA:37,3
DA:38,3
DA:39,1
DA:40,1
LF:40
LH:40
BRDA:14,0,0,8
BRDA:15,1,0,2
BRDA:16,2,0,6
BRDA:16,3,0,2
BRDA:17,4,0,4
BRDA:17,5,0,1
BRDA:17,6,0,1
BRDA:21,7,0,5
BRDA:25,8,0,3
BRDA:39,9,0,1
BRDA:13,10,0,8
BRF:11
BRH:11
end_of_record
